[ 2018-03-30T00:08:13+08:00 ] 127.0.0.1 /home/record/recordList
INFO: [ app_init ] --START--
INFO: Run Behavior\BuildLiteBehavior [ RunTime:0.000000s ]
INFO: [ app_init ] --END-- [ RunTime:0.009000s ]
INFO: [ app_begin ] --START--
INFO: Run Behavior\ReadHtmlCacheBehavior [ RunTime:0.012000s ]
INFO: [ app_begin ] --END-- [ RunTime:0.012000s ]
SQL: SHOW COLUMNS FROM `tab_rec_cdrinfo` [ RunTime:0.0320s ]
SQL: SHOW COLUMNS FROM `tab_rec_bakinfo` [ RunTime:0.0260s ]
NOTIC: [8] Undefined index: sEcho H:\www\luyinxitong_gw\Application\Home\Controller\RecordController.class.php 第 17 行.
SQL: SELECT count(*) cnt FROM `tab_rec_cdrinfo` LIMIT 1   [ RunTime:0.0010s ]
SQL: SELECT count(*) cnt FROM `tab_rec_bakinfo` LIMIT 1   [ RunTime:0.0010s ]

[ 2018-03-30T00:08:16+08:00 ] 127.0.0.1 /home/record/recordList
INFO: [ app_init ] --START--
INFO: Run Behavior\BuildLiteBehavior [ RunTime:0.000000s ]
INFO: [ app_init ] --END-- [ RunTime:0.003001s ]
INFO: [ app_begin ] --START--
INFO: Run Behavior\ReadHtmlCacheBehavior [ RunTime:0.002000s ]
INFO: [ app_begin ] --END-- [ RunTime:0.002000s ]
SQL: SHOW COLUMNS FROM `tab_rec_cdrinfo` [ RunTime:0.0200s ]
SQL: SHOW COLUMNS FROM `tab_rec_bakinfo` [ RunTime:0.0210s ]
NOTIC: [8] Undefined index: sEcho H:\www\luyinxitong_gw\Application\Home\Controller\RecordController.class.php 第 17 行.
SQL: SELECT count(*) cnt FROM `tab_rec_cdrinfo` LIMIT 1   [ RunTime:0.0010s ]
SQL: SELECT count(*) cnt FROM `tab_rec_bakinfo` LIMIT 1   [ RunTime:0.0010s ]

[ 2018-03-30T00:09:01+08:00 ] 127.0.0.1 /home/record/recordList
INFO: [ app_init ] --START--
INFO: Run Behavior\BuildLiteBehavior [ RunTime:0.000000s ]
INFO: [ app_init ] --END-- [ RunTime:0.008000s ]
INFO: [ app_begin ] --START--
INFO: Run Behavior\ReadHtmlCacheBehavior [ RunTime:0.009000s ]
INFO: [ app_begin ] --END-- [ RunTime:0.009000s ]
SQL: SHOW COLUMNS FROM `tab_rec_cdrinfo` [ RunTime:0.0150s ]
SQL: SHOW COLUMNS FROM `tab_rec_bakinfo` [ RunTime:0.0160s ]
NOTIC: [8] Undefined index: sEcho H:\www\luyinxitong_gw\Application\Home\Controller\RecordController.class.php 第 17 行.
SQL: SELECT count(*) cnt FROM `tab_rec_cdrinfo` LIMIT 1   [ RunTime:0.0010s ]
SQL: SELECT count(*) cnt FROM `tab_rec_bakinfo` LIMIT 1   [ RunTime:0.0010s ]

[ 2018-03-30T00:09:54+08:00 ] 127.0.0.1 /home/record/recordList
INFO: [ app_init ] --START--
INFO: Run Behavior\BuildLiteBehavior [ RunTime:0.000000s ]
INFO: [ app_init ] --END-- [ RunTime:0.001000s ]
INFO: [ app_begin ] --START--
INFO: Run Behavior\ReadHtmlCacheBehavior [ RunTime:0.002000s ]
INFO: [ app_begin ] --END-- [ RunTime:0.002000s ]
SQL: SHOW COLUMNS FROM `tab_rec_cdrinfo` [ RunTime:0.0150s ]
SQL: SHOW COLUMNS FROM `tab_rec_bakinfo` [ RunTime:0.0200s ]
NOTIC: [8] Undefined index: sEcho H:\www\luyinxitong_gw\Application\Home\Controller\RecordController.class.php 第 17 行.
SQL: SELECT count(*) cnt FROM `tab_rec_cdrinfo` LIMIT 1   [ RunTime:0.0030s ]
SQL: SELECT count(*) cnt FROM `tab_rec_bakinfo` LIMIT 1   [ RunTime:0.0010s ]

[ 2018-03-30T00:10:49+08:00 ] 127.0.0.1 /home/record/recordList
INFO: [ app_init ] --START--
INFO: Run Behavior\BuildLiteBehavior [ RunTime:0.000000s ]
INFO: [ app_init ] --END-- [ RunTime:0.001000s ]
INFO: [ app_begin ] --START--
INFO: Run Behavior\ReadHtmlCacheBehavior [ RunTime:0.002001s ]
INFO: [ app_begin ] --END-- [ RunTime:0.002001s ]
SQL: SHOW COLUMNS FROM `tab_rec_cdrinfo` [ RunTime:0.0170s ]
SQL: SHOW COLUMNS FROM `tab_rec_bakinfo` [ RunTime:0.0120s ]
NOTIC: [8] Undefined index: sEcho H:\www\luyinxitong_gw\Application\Home\Controller\RecordController.class.php 第 17 行.
SQL: SELECT count(*) cnt FROM `tab_rec_cdrinfo` LIMIT 1   [ RunTime:0.0010s ]
SQL: SELECT count(*) cnt FROM `tab_rec_bakinfo` LIMIT 1   [ RunTime:0.0010s ]

[ 2018-03-30T00:11:51+08:00 ] 127.0.0.1 /home/record/recordList
INFO: [ app_init ] --START--
INFO: Run Behavior\BuildLiteBehavior [ RunTime:0.000000s ]
INFO: [ app_init ] --END-- [ RunTime:0.002000s ]
INFO: [ app_begin ] --START--
INFO: Run Behavior\ReadHtmlCacheBehavior [ RunTime:0.003000s ]
INFO: [ app_begin ] --END-- [ RunTime:0.003000s ]
SQL: SHOW COLUMNS FROM `tab_rec_cdrinfo` [ RunTime:0.0180s ]
SQL: SHOW COLUMNS FROM `tab_rec_bakinfo` [ RunTime:0.0170s ]
NOTIC: [8] Undefined index: sEcho H:\www\luyinxitong_gw\Application\Home\Controller\RecordController.class.php 第 17 行.
SQL: SELECT count(*) cnt FROM `tab_rec_cdrinfo` LIMIT 1   [ RunTime:0.0020s ]
SQL: SELECT count(*) cnt FROM `tab_rec_bakinfo` LIMIT 1   [ RunTime:0.0010s ]

[ 2018-03-30T00:12:31+08:00 ] 127.0.0.1 /home/record/recordList
INFO: [ app_init ] --START--
INFO: Run Behavior\BuildLiteBehavior [ RunTime:0.000000s ]
INFO: [ app_init ] --END-- [ RunTime:0.002000s ]
INFO: [ app_begin ] --START--
INFO: Run Behavior\ReadHtmlCacheBehavior [ RunTime:0.002000s ]
INFO: [ app_begin ] --END-- [ RunTime:0.002000s ]
SQL: SHOW COLUMNS FROM `tab_rec_cdrinfo` [ RunTime:0.0130s ]
SQL: SHOW COLUMNS FROM `tab_rec_bakinfo` [ RunTime:0.0130s ]
NOTIC: [8] Undefined index: sEcho H:\www\luyinxitong_gw\Application\Home\Controller\RecordController.class.php 第 17 行.
SQL: SELECT count(*) cnt FROM `tab_rec_cdrinfo` LIMIT 1   [ RunTime:0.0010s ]
SQL: SELECT count(*) cnt FROM `tab_rec_bakinfo` LIMIT 1   [ RunTime:0.0010s ]

[ 2018-03-30T00:12:34+08:00 ] 127.0.0.1 /home/record/recordList
INFO: [ app_init ] --START--
INFO: Run Behavior\BuildLiteBehavior [ RunTime:0.000000s ]
INFO: [ app_init ] --END-- [ RunTime:0.001000s ]
INFO: [ app_begin ] --START--
INFO: Run Behavior\ReadHtmlCacheBehavior [ RunTime:0.001000s ]
INFO: [ app_begin ] --END-- [ RunTime:0.001000s ]
SQL: SHOW COLUMNS FROM `tab_sys_paramschannel` [ RunTime:0.0370s ]
SQL: SELECT distinct N_ChannelNo FROM `tab_sys_paramschannel` ORDER BY N_ChannelNo  [ RunTime:0.0020s ]
INFO: [ view_parse ] --START--
INFO: [ template_filter ] --START--
INFO: Run Behavior\ContentReplaceBehavior [ RunTime:0.007001s ]
INFO: [ template_filter ] --END-- [ RunTime:0.007001s ]
NOTIC: [8] Undefined variable: AccountSub H:\www\luyinxitong_gw\Application\Runtime\Cache\Home\5bcd071c9e296a77304e9aed68250968.php 第 75 行.
NOTIC: [8] Undefined variable: SystemSub H:\www\luyinxitong_gw\Application\Runtime\Cache\Home\5bcd071c9e296a77304e9aed68250968.php 第 82 行.
INFO: Run Behavior\ParseTemplateBehavior [ RunTime:0.145009s ]
INFO: [ view_parse ] --END-- [ RunTime:0.145009s ]
INFO: [ view_filter ] --START--
INFO: Run Behavior\WriteHtmlCacheBehavior [ RunTime:0.007000s ]
INFO: [ view_filter ] --END-- [ RunTime:0.008000s ]
INFO: [ app_end ] --START--
INFO: Run Behavior\ShowPageTraceBehavior [ RunTime:0.015001s ]
INFO: [ app_end ] --END-- [ RunTime:0.015001s ]

[ 2018-03-30T00:12:36+08:00 ] 127.0.0.1 /home/record/recordList
INFO: [ app_init ] --START--
INFO: Run Behavior\BuildLiteBehavior [ RunTime:0.000000s ]
INFO: [ app_init ] --END-- [ RunTime:0.001000s ]
INFO: [ app_begin ] --START--
INFO: Run Behavior\ReadHtmlCacheBehavior [ RunTime:0.003001s ]
INFO: [ app_begin ] --END-- [ RunTime:0.003001s ]
SQL: SHOW COLUMNS FROM `tab_rec_cdrinfo` [ RunTime:0.0130s ]
SQL: SHOW COLUMNS FROM `tab_rec_bakinfo` [ RunTime:0.0140s ]
NOTIC: [8] Undefined index: sEcho H:\www\luyinxitong_gw\Application\Home\Controller\RecordController.class.php 第 17 行.
SQL: SELECT count(*) cnt FROM `tab_rec_cdrinfo` LIMIT 1   [ RunTime:0.0010s ]
SQL: SELECT count(*) cnt FROM `tab_rec_bakinfo` LIMIT 1   [ RunTime:0.0000s ]

[ 2018-03-30T00:12:42+08:00 ] 127.0.0.1 /home/record/recordList
INFO: [ app_init ] --START--
INFO: Run Behavior\BuildLiteBehavior [ RunTime:0.000000s ]
INFO: [ app_init ] --END-- [ RunTime:0.001000s ]
INFO: [ app_begin ] --START--
INFO: Run Behavior\ReadHtmlCacheBehavior [ RunTime:0.001000s ]
INFO: [ app_begin ] --END-- [ RunTime:0.001000s ]
SQL: SHOW COLUMNS FROM `tab_rec_cdrinfo` [ RunTime:0.0150s ]
SQL: SHOW COLUMNS FROM `tab_rec_bakinfo` [ RunTime:0.0140s ]
NOTIC: [8] Undefined index: sEcho H:\www\luyinxitong_gw\Application\Home\Controller\RecordController.class.php 第 17 行.
SQL: SELECT count(*) cnt FROM `tab_rec_cdrinfo` LIMIT 1   [ RunTime:0.0010s ]
SQL: SELECT count(*) cnt FROM `tab_rec_bakinfo` LIMIT 1   [ RunTime:0.0010s ]

[ 2018-03-30T00:12:47+08:00 ] 127.0.0.1 /home/record/recordList
INFO: [ app_init ] --START--
INFO: Run Behavior\BuildLiteBehavior [ RunTime:0.000000s ]
INFO: [ app_init ] --END-- [ RunTime:0.002001s ]
INFO: [ app_begin ] --START--
INFO: Run Behavior\ReadHtmlCacheBehavior [ RunTime:0.003000s ]
INFO: [ app_begin ] --END-- [ RunTime:0.003000s ]
SQL: SHOW COLUMNS FROM `tab_rec_cdrinfo` [ RunTime:0.0140s ]
SQL: SHOW COLUMNS FROM `tab_rec_bakinfo` [ RunTime:0.0150s ]
NOTIC: [8] Undefined index: sEcho H:\www\luyinxitong_gw\Application\Home\Controller\RecordController.class.php 第 17 行.
SQL: SELECT count(*) cnt FROM `tab_rec_cdrinfo` LIMIT 1   [ RunTime:0.0010s ]
SQL: SELECT count(*) cnt FROM `tab_rec_bakinfo` LIMIT 1   [ RunTime:0.0010s ]

[ 2018-03-30T00:12:49+08:00 ] 127.0.0.1 /home/record/recordList
INFO: [ app_init ] --START--
INFO: Run Behavior\BuildLiteBehavior [ RunTime:0.000000s ]
INFO: [ app_init ] --END-- [ RunTime:0.002001s ]
INFO: [ app_begin ] --START--
INFO: Run Behavior\ReadHtmlCacheBehavior [ RunTime:0.002000s ]
INFO: [ app_begin ] --END-- [ RunTime:0.003000s ]
SQL: SHOW COLUMNS FROM `tab_rec_cdrinfo` [ RunTime:0.0140s ]
SQL: SHOW COLUMNS FROM `tab_rec_bakinfo` [ RunTime:0.0140s ]
NOTIC: [8] Undefined index: sEcho H:\www\luyinxitong_gw\Application\Home\Controller\RecordController.class.php 第 17 行.
SQL: SELECT count(*) cnt FROM `tab_rec_cdrinfo` LIMIT 1   [ RunTime:0.0000s ]
SQL: SELECT count(*) cnt FROM `tab_rec_bakinfo` LIMIT 1   [ RunTime:0.0000s ]

[ 2018-03-30T00:12:58+08:00 ] 127.0.0.1 /home/record/recordList
INFO: [ app_init ] --START--
INFO: Run Behavior\BuildLiteBehavior [ RunTime:0.000000s ]
INFO: [ app_init ] --END-- [ RunTime:0.002000s ]
INFO: [ app_begin ] --START--
INFO: Run Behavior\ReadHtmlCacheBehavior [ RunTime:0.002000s ]
INFO: [ app_begin ] --END-- [ RunTime:0.002000s ]
SQL: SHOW COLUMNS FROM `tab_rec_cdrinfo` [ RunTime:0.0160s ]
SQL: SHOW COLUMNS FROM `tab_rec_bakinfo` [ RunTime:0.0140s ]
NOTIC: [8] Undefined index: sEcho H:\www\luyinxitong_gw\Application\Home\Controller\RecordController.class.php 第 17 行.
SQL: SELECT count(*) cnt FROM `tab_rec_cdrinfo` LIMIT 1   [ RunTime:0.0010s ]
SQL: SELECT count(*) cnt FROM `tab_rec_bakinfo` LIMIT 1   [ RunTime:0.0010s ]

[ 2018-03-30T00:13:02+08:00 ] 127.0.0.1 /home/record/recordList
INFO: [ app_init ] --START--
INFO: Run Behavior\BuildLiteBehavior [ RunTime:0.000000s ]
INFO: [ app_init ] --END-- [ RunTime:0.001000s ]
INFO: [ app_begin ] --START--
INFO: Run Behavior\ReadHtmlCacheBehavior [ RunTime:0.002001s ]
INFO: [ app_begin ] --END-- [ RunTime:0.003001s ]
SQL: SHOW COLUMNS FROM `tab_rec_cdrinfo` [ RunTime:0.0140s ]
SQL: SHOW COLUMNS FROM `tab_rec_bakinfo` [ RunTime:0.0140s ]
NOTIC: [8] Undefined index: sEcho H:\www\luyinxitong_gw\Application\Home\Controller\RecordController.class.php 第 17 行.
SQL: SELECT count(*) cnt FROM `tab_rec_cdrinfo` LIMIT 1   [ RunTime:0.0010s ]
SQL: SELECT count(*) cnt FROM `tab_rec_bakinfo` LIMIT 1   [ RunTime:0.0010s ]

[ 2018-03-30T20:23:30+08:00 ] 127.0.0.1 /home/record/recordList
INFO: [ app_init ] --START--
INFO: Run Behavior\BuildLiteBehavior [ RunTime:0.000000s ]
INFO: [ app_init ] --END-- [ RunTime:0.005000s ]
INFO: [ app_begin ] --START--
INFO: Run Behavior\ReadHtmlCacheBehavior [ RunTime:0.006000s ]
INFO: [ app_begin ] --END-- [ RunTime:0.006000s ]
SQL: SHOW COLUMNS FROM `tab_sys_paramschannel` [ RunTime:0.0240s ]
SQL: SELECT distinct N_ChannelNo FROM `tab_sys_paramschannel` ORDER BY N_ChannelNo  [ RunTime:0.0020s ]
INFO: [ view_parse ] --START--
INFO: [ template_filter ] --START--
INFO: Run Behavior\ContentReplaceBehavior [ RunTime:0.008001s ]
INFO: [ template_filter ] --END-- [ RunTime:0.008001s ]
NOTIC: [8] Undefined variable: AccountSub H:\www\luyinxitong_gw\Application\Runtime\Cache\Home\5bcd071c9e296a77304e9aed68250968.php 第 75 行.
NOTIC: [8] Undefined variable: SystemSub H:\www\luyinxitong_gw\Application\Runtime\Cache\Home\5bcd071c9e296a77304e9aed68250968.php 第 82 行.
INFO: Run Behavior\ParseTemplateBehavior [ RunTime:0.138008s ]
INFO: [ view_parse ] --END-- [ RunTime:0.138008s ]
INFO: [ view_filter ] --START--
INFO: Run Behavior\WriteHtmlCacheBehavior [ RunTime:0.008000s ]
INFO: [ view_filter ] --END-- [ RunTime:0.008000s ]
INFO: [ app_end ] --START--
INFO: Run Behavior\ShowPageTraceBehavior [ RunTime:0.008001s ]
INFO: [ app_end ] --END-- [ RunTime:0.008001s ]

[ 2018-03-30T20:23:31+08:00 ] 127.0.0.1 /home/record/recordList
INFO: [ app_init ] --START--
INFO: Run Behavior\BuildLiteBehavior [ RunTime:0.001000s ]
INFO: [ app_init ] --END-- [ RunTime:0.002000s ]
INFO: [ app_begin ] --START--
INFO: Run Behavior\ReadHtmlCacheBehavior [ RunTime:0.002000s ]
INFO: [ app_begin ] --END-- [ RunTime:0.002000s ]
SQL: SHOW COLUMNS FROM `tab_rec_cdrinfo` [ RunTime:0.0200s ]
SQL: SHOW COLUMNS FROM `tab_rec_bakinfo` [ RunTime:0.0230s ]
NOTIC: [8] Undefined index: sEcho H:\www\luyinxitong_gw\Application\Home\Controller\RecordController.class.php 第 17 行.
SQL: SELECT count(*) cnt FROM `tab_rec_cdrinfo` LIMIT 1   [ RunTime:0.0040s ]
SQL: SELECT count(*) cnt FROM `tab_rec_bakinfo` LIMIT 1   [ RunTime:0.0010s ]

[ 2018-03-30T20:23:34+08:00 ] 127.0.0.1 /home/record/recordList
INFO: [ app_init ] --START--
INFO: Run Behavior\BuildLiteBehavior [ RunTime:0.000000s ]
INFO: [ app_init ] --END-- [ RunTime:0.001000s ]
INFO: [ app_begin ] --START--
INFO: Run Behavior\ReadHtmlCacheBehavior [ RunTime:0.003000s ]
INFO: [ app_begin ] --END-- [ RunTime:0.003000s ]
SQL: SHOW COLUMNS FROM `tab_rec_cdrinfo` [ RunTime:0.0130s ]
SQL: SHOW COLUMNS FROM `tab_rec_bakinfo` [ RunTime:0.0140s ]
NOTIC: [8] Undefined index: sEcho H:\www\luyinxitong_gw\Application\Home\Controller\RecordController.class.php 第 17 行.
SQL: SELECT count(*) cnt FROM `tab_rec_cdrinfo` LIMIT 1   [ RunTime:0.0010s ]
SQL: SELECT count(*) cnt FROM `tab_rec_bakinfo` LIMIT 1   [ RunTime:0.0010s ]

