[ 2018-03-27T00:00:17+08:00 ] 127.0.0.1 /Public/assets/bootstrap/fonts/fontawesome-webfont.woff2?v=4.7.0
INFO: [ app_init ] --START--
INFO: Run Behavior\BuildLiteBehavior [ RunTime:0.000000s ]
INFO: [ app_init ] --END-- [ RunTime:0.002000s ]
ERR: 无法加载模块:Public

[ 2018-03-27T00:02:01+08:00 ] 127.0.0.1 /Public/assets/bootstrap/fonts/fontawesome-webfont.woff2?v=4.7.0
INFO: [ app_init ] --START--
INFO: Run Behavior\BuildLiteBehavior [ RunTime:0.000000s ]
INFO: [ app_init ] --END-- [ RunTime:0.001000s ]
ERR: 无法加载模块:Public

[ 2018-03-27T00:02:31+08:00 ] 127.0.0.1 /Public/assets/bootstrap/fonts/fontawesome-webfont.woff2?v=4.7.0
INFO: [ app_init ] --START--
INFO: Run Behavior\BuildLiteBehavior [ RunTime:0.000000s ]
INFO: [ app_init ] --END-- [ RunTime:0.001000s ]
ERR: 无法加载模块:Public

[ 2018-03-27T00:02:35+08:00 ] 127.0.0.1 /Public/assets/bootstrap/fonts/fontawesome-webfont.woff2?v=4.7.0
INFO: [ app_init ] --START--
INFO: Run Behavior\BuildLiteBehavior [ RunTime:0.000000s ]
INFO: [ app_init ] --END-- [ RunTime:0.002001s ]
ERR: 无法加载模块:Public

[ 2018-03-27T00:03:10+08:00 ] 127.0.0.1 /Public/assets/bootstrap/fonts/fontawesome-webfont.woff2?v=4.7.0
INFO: [ app_init ] --START--
INFO: Run Behavior\BuildLiteBehavior [ RunTime:0.000000s ]
INFO: [ app_init ] --END-- [ RunTime:0.001000s ]
ERR: 无法加载模块:Public

[ 2018-03-27T00:03:26+08:00 ] 127.0.0.1 /Public/assets/bootstrap/fonts/fontawesome-webfont.woff2?v=4.7.0
INFO: [ app_init ] --START--
INFO: Run Behavior\BuildLiteBehavior [ RunTime:0.000000s ]
INFO: [ app_init ] --END-- [ RunTime:0.003001s ]
ERR: 无法加载模块:Public

[ 2018-03-27T00:04:43+08:00 ] 127.0.0.1 /Public/assets/bootstrap/fonts/fontawesome-webfont.woff2?v=4.7.0
INFO: [ app_init ] --START--
INFO: Run Behavior\BuildLiteBehavior [ RunTime:0.000000s ]
INFO: [ app_init ] --END-- [ RunTime:0.001000s ]
ERR: 无法加载模块:Public

[ 2018-03-27T00:04:56+08:00 ] 127.0.0.1 /Public/assets/bootstrap/fonts/fontawesome-webfont.woff2?v=4.7.0
INFO: [ app_init ] --START--
INFO: Run Behavior\BuildLiteBehavior [ RunTime:0.000000s ]
INFO: [ app_init ] --END-- [ RunTime:0.001000s ]
ERR: 无法加载模块:Public

[ 2018-03-27T00:06:45+08:00 ] 127.0.0.1 /Public/assets/bootstrap/fonts/fontawesome-webfont.woff2?v=4.7.0
INFO: [ app_init ] --START--
INFO: Run Behavior\BuildLiteBehavior [ RunTime:0.000000s ]
INFO: [ app_init ] --END-- [ RunTime:0.002000s ]
ERR: 无法加载模块:Public

[ 2018-03-27T00:34:15+08:00 ] 127.0.0.1 /Public/assets/bootstrap/fonts/fontawesome-webfont.woff2?v=4.7.0
INFO: [ app_init ] --START--
INFO: Run Behavior\BuildLiteBehavior [ RunTime:0.001001s ]
INFO: [ app_init ] --END-- [ RunTime:0.002001s ]
ERR: 无法加载模块:Public

[ 2018-03-27T00:34:43+08:00 ] 127.0.0.1 /Public/assets/bootstrap/fonts/fontawesome-webfont.woff2?v=4.7.0
INFO: [ app_init ] --START--
INFO: Run Behavior\BuildLiteBehavior [ RunTime:0.000000s ]
INFO: [ app_init ] --END-- [ RunTime:0.002001s ]
ERR: 无法加载模块:Public

[ 2018-03-27T00:35:11+08:00 ] 127.0.0.1 /Public/assets/bootstrap/fonts/fontawesome-webfont.woff2?v=4.7.0
INFO: [ app_init ] --START--
INFO: Run Behavior\BuildLiteBehavior [ RunTime:0.000000s ]
INFO: [ app_init ] --END-- [ RunTime:0.002000s ]
ERR: 无法加载模块:Public

[ 2018-03-27T00:35:38+08:00 ] 127.0.0.1 /Public/assets/bootstrap/fonts/fontawesome-webfont.woff2?v=4.7.0
INFO: [ app_init ] --START--
INFO: Run Behavior\BuildLiteBehavior [ RunTime:0.000000s ]
INFO: [ app_init ] --END-- [ RunTime:0.002000s ]
ERR: 无法加载模块:Public

[ 2018-03-27T00:35:56+08:00 ] 127.0.0.1 /Public/assets/bootstrap/fonts/fontawesome-webfont.woff2?v=4.7.0
INFO: [ app_init ] --START--
INFO: Run Behavior\BuildLiteBehavior [ RunTime:0.001000s ]
INFO: [ app_init ] --END-- [ RunTime:0.002000s ]
ERR: 无法加载模块:Public

[ 2018-03-27T00:36:28+08:00 ] 127.0.0.1 /Public/assets/bootstrap/fonts/fontawesome-webfont.woff2?v=4.7.0
INFO: [ app_init ] --START--
INFO: Run Behavior\BuildLiteBehavior [ RunTime:0.000000s ]
INFO: [ app_init ] --END-- [ RunTime:0.001000s ]
ERR: 无法加载模块:Public

[ 2018-03-27T00:36:55+08:00 ] 127.0.0.1 /Public/assets/bootstrap/fonts/fontawesome-webfont.woff2?v=4.7.0
INFO: [ app_init ] --START--
INFO: Run Behavior\BuildLiteBehavior [ RunTime:0.000000s ]
INFO: [ app_init ] --END-- [ RunTime:0.002000s ]
ERR: 无法加载模块:Public

[ 2018-03-27T00:37:50+08:00 ] 127.0.0.1 /Public/assets/bootstrap/fonts/fontawesome-webfont.woff2?v=4.7.0
INFO: [ app_init ] --START--
INFO: Run Behavior\BuildLiteBehavior [ RunTime:0.000000s ]
INFO: [ app_init ] --END-- [ RunTime:0.001000s ]
ERR: 无法加载模块:Public

[ 2018-03-27T00:38:23+08:00 ] 127.0.0.1 /Public/assets/bootstrap/fonts/fontawesome-webfont.woff2?v=4.7.0
INFO: [ app_init ] --START--
INFO: Run Behavior\BuildLiteBehavior [ RunTime:0.000000s ]
INFO: [ app_init ] --END-- [ RunTime:0.006000s ]
ERR: 无法加载模块:Public

[ 2018-03-27T00:38:59+08:00 ] 127.0.0.1 /Public/assets/bootstrap/fonts/fontawesome-webfont.woff2?v=4.7.0
INFO: [ app_init ] --START--
INFO: Run Behavior\BuildLiteBehavior [ RunTime:0.000000s ]
INFO: [ app_init ] --END-- [ RunTime:0.001000s ]
ERR: 无法加载模块:Public

[ 2018-03-27T00:40:16+08:00 ] 127.0.0.1 /Public/assets/bootstrap/fonts/fontawesome-webfont.woff2?v=4.7.0
INFO: [ app_init ] --START--
INFO: Run Behavior\BuildLiteBehavior [ RunTime:0.000000s ]
INFO: [ app_init ] --END-- [ RunTime:0.003000s ]
ERR: 无法加载模块:Public

